#
# There is insufficient memory for the Java Runtime Environment to continue.
# Native memory allocation (malloc) failed to allocate 207056 bytes for Chunk::new
# Possible reasons:
#   The system is out of physical RAM or swap space
#   The process is running with CompressedOops enabled, and the Java Heap may be blocking the growth of the native heap
# Possible solutions:
#   Reduce memory load on the system
#   Increase physical memory or swap space
#   Check if swap backing store is full
#   Decrease Java heap size (-Xmx/-Xms)
#   Decrease number of Java threads
#   Decrease Java thread stack sizes (-Xss)
#   Set larger code cache with -XX:ReservedCodeCacheSize=
#   JVM is running with Zero Based Compressed Oops mode in which the Java heap is
#     placed in the first 32GB address space. The Java Heap base address is the
#     maximum limit for the native heap growth. Please use -XX:HeapBaseMinAddress
#     to set the Java Heap base and to place the Java Heap above 32GB virtual address.
# This output file may be truncated or incomplete.
#
#  Out of Memory Error (t:/workspace/hotspot/src/share/vm/memory/allocation.cpp:372), pid=22036, tid=22248
#
# JRE version: Java(TM) SE Runtime Environment (9.0+11) (build 9.0.4+11)
# Java VM: Java HotSpot(TM) 64-Bit Server VM (9.0.4+11, mixed mode, tiered, compressed oops, g1 gc, windows-amd64)
# No core dump will be written. Minidumps are not enabled by default on client versions of Windows
#

---------------  S U M M A R Y ------------

Command Line: jenkins.maven3.agent.Maven35Main C:\ProgramData\Jenkins\.jenkins\tools\hudson.tasks.Maven_MavenInstallation\Maven C:\ProgramData\Jenkins\war\WEB-INF\lib\remoting-4.11.2.jar C:\ProgramData\Jenkins\.jenkins\plugins\maven-plugin\WEB-INF\lib\maven35-interceptor-1.13.jar C:\ProgramData\Jenkins\.jenkins\plugins\maven-plugin\WEB-INF\lib\maven3-interceptor-commons-1.13.jar 52408

Host: Intel(R) Core(TM) i5-10400 CPU @ 2.90GHz, 12 cores, 15G,  Windows 10 , 64 bit Build 19041 (10.0.19041.1706)
Time: Sat Jun 04 19:02:05 2022 India Standard Time elapsed time: 5 seconds (0d 0h 0m 5s)

---------------  T H R E A D  ---------------

Current thread (0x000001f9fee4b800):  JavaThread "C2 CompilerThread1" daemon [_thread_in_native, id=22248, stack(0x000000e490a00000,0x000000e490b00000)]


Current CompileTask:
C2:   5600 2256  s    4       jdk.internal.jimage.BasicImageReader::findLocation (115 bytes)

Stack: [0x000000e490a00000,0x000000e490b00000]
Native frames: (J=compiled Java code, j=interpreted, Vv=VM code, C=native code)
V  [jvm.dll+0x587068]
V  [jvm.dll+0x69c25e]
V  [jvm.dll+0x69d17a]
V  [jvm.dll+0x69d7b3]
V  [jvm.dll+0x21d198]
V  [jvm.dll+0xa7aac]
V  [jvm.dll+0xa83ec]
V  [jvm.dll+0x320ef5]
V  [jvm.dll+0x17b310]
V  [jvm.dll+0x1e9bed]
V  [jvm.dll+0x1e8d86]
V  [jvm.dll+0x1691cb]
V  [jvm.dll+0x1f6570]
V  [jvm.dll+0x1f51f6]
V  [jvm.dll+0x66b44f]
V  [jvm.dll+0x586490]
C  [msvcr120.dll+0x24f7f]
C  [msvcr120.dll+0x25126]
C  [KERNEL32.DLL+0x17034]
C  [ntdll.dll+0x52651]


---------------  P R O C E S S  ---------------

Java Threads: ( => current thread )
  0x000001f980cea800 JavaThread "pool-1-thread-12" [_thread_blocked, id=19632, stack(0x000000e491e00000,0x000000e491f00000)]
  0x000001f980ceb800 JavaThread "pool-1-thread-11" [_thread_blocked, id=7940, stack(0x000000e491d00000,0x000000e491e00000)]
  0x000001f980ced000 JavaThread "pool-1-thread-10" [_thread_blocked, id=13176, stack(0x000000e491c00000,0x000000e491d00000)]
  0x000001f980ce7800 JavaThread "pool-1-thread-9" [_thread_blocked, id=17080, stack(0x000000e491b00000,0x000000e491c00000)]
  0x000001f980ce9000 JavaThread "pool-1-thread-8" [_thread_blocked, id=21156, stack(0x000000e491a00000,0x000000e491b00000)]
  0x000001f9808ba000 JavaThread "pool-1-thread-7" [_thread_blocked, id=22520, stack(0x000000e491900000,0x000000e491a00000)]
  0x000001f9ff0a5800 JavaThread "pool-1-thread-6" [_thread_blocked, id=22516, stack(0x000000e491800000,0x000000e491900000)]
  0x000001f9802ad000 JavaThread "pool-1-thread-5 for channel id=1077" [_thread_in_native, id=22504, stack(0x000000e491700000,0x000000e491800000)]
  0x000001f9ff3c8000 JavaThread "pool-1-thread-4" [_thread_blocked, id=22488, stack(0x000000e491600000,0x000000e491700000)]
  0x000001f980328800 JavaThread "pool-1-thread-3" [_thread_blocked, id=22376, stack(0x000000e491500000,0x000000e491600000)]
  0x000001f9ff1cb000 JavaThread "pool-1-thread-2" [_thread_blocked, id=22372, stack(0x000000e491400000,0x000000e491500000)]
  0x000001f9ff1ca800 JavaThread "pool-1-thread-1" [_thread_blocked, id=22368, stack(0x000000e491300000,0x000000e491400000)]
  0x000001f9ff9ae000 JavaThread "Channel reader thread: channel" [_thread_in_native, id=22364, stack(0x000000e491200000,0x000000e491300000)]
  0x000001f980a8a800 JavaThread "RemoteInvocationHandler [#1]" daemon [_thread_blocked, id=22360, stack(0x000000e491100000,0x000000e491200000)]
  0x000001f9fef93000 JavaThread "Service Thread" daemon [_thread_blocked, id=22268, stack(0x000000e490f00000,0x000000e491000000)]
  0x000001f9feea9800 JavaThread "Common-Cleaner" daemon [_thread_blocked, id=22264, stack(0x000000e490e00000,0x000000e490f00000)]
  0x000001f9fee78000 JavaThread "Sweeper thread" daemon [_thread_blocked, id=22260, stack(0x000000e490d00000,0x000000e490e00000)]
  0x000001f9fee69000 JavaThread "C1 CompilerThread3" daemon [_thread_blocked, id=22256, stack(0x000000e490c00000,0x000000e490d00000)]
  0x000001f9fee5c800 JavaThread "C2 CompilerThread2" daemon [_thread_blocked, id=22252, stack(0x000000e490b00000,0x000000e490c00000)]
=>0x000001f9fee4b800 JavaThread "C2 CompilerThread1" daemon [_thread_in_native, id=22248, stack(0x000000e490a00000,0x000000e490b00000)]
  0x000001f9fedfd000 JavaThread "C2 CompilerThread0" daemon [_thread_blocked, id=22244, stack(0x000000e490900000,0x000000e490a00000)]
  0x000001f9fedfb800 JavaThread "Attach Listener" daemon [_thread_blocked, id=22240, stack(0x000000e490800000,0x000000e490900000)]
  0x000001f9fedfa800 JavaThread "Signal Dispatcher" daemon [_thread_blocked, id=22236, stack(0x000000e490700000,0x000000e490800000)]
  0x000001f9fe3a1000 JavaThread "Finalizer" daemon [_thread_blocked, id=22232, stack(0x000000e490600000,0x000000e490700000)]
  0x000001f9fe398800 JavaThread "Reference Handler" daemon [_thread_blocked, id=22228, stack(0x000000e490500000,0x000000e490600000)]
  0x000001f9d6efe800 JavaThread "main" [_thread_blocked, id=22112, stack(0x000000e48ea00000,0x000000e48eb00000)]

Other Threads:
  0x000001f9fe393800 VMThread "VM Thread" [stack: 0x000000e490400000,0x000000e490500000] [id=22220]
  0x000001f9fefdf800 WatcherThread [stack: 0x000000e491000000,0x000000e491100000] [id=22276]
  0x000001f9d6f17800 GCTaskThread "GC Thread#0" [stack: 0x000000e48eb00000,0x000000e48ec00000] [id=22116]
  0x000001f9d6f18800 GCTaskThread "GC Thread#1" [stack: 0x000000e48ec00000,0x000000e48ed00000] [id=22120]
  0x000001f9d6f1a800 GCTaskThread "GC Thread#2" [stack: 0x000000e48ed00000,0x000000e48ee00000] [id=22124]
  0x000001f9d6f1c800 GCTaskThread "GC Thread#3" [stack: 0x000000e48ee00000,0x000000e48ef00000] [id=22128]
  0x000001f9d6f1f000 GCTaskThread "GC Thread#4" [stack: 0x000000e48ef00000,0x000000e48f000000] [id=22132]
  0x000001f9d6f22000 GCTaskThread "GC Thread#5" [stack: 0x000000e48f000000,0x000000e48f100000] [id=22136]
  0x000001f9d6f23000 GCTaskThread "GC Thread#6" [stack: 0x000000e48f100000,0x000000e48f200000] [id=22140]
  0x000001f9d6f29000 GCTaskThread "GC Thread#7" [stack: 0x000000e48f200000,0x000000e48f300000] [id=22144]
  0x000001f9d6f29800 GCTaskThread "GC Thread#8" [stack: 0x000000e48f300000,0x000000e48f400000] [id=22148]
  0x000001f9d6f2b000 GCTaskThread "GC Thread#9" [stack: 0x000000e48f400000,0x000000e48f500000] [id=22152]
  0x000001f9d6f9b800 ConcurrentGCThread "G1 Main Marker" [stack: 0x000000e490000000,0x000000e490100000] [id=22200]
  0x000001f9d6f9c000 ConcurrentGCThread "G1 Marker#0" [stack: 0x000000e490100000,0x000000e490200000] [id=22204]
  0x000001f9d6f9f000 ConcurrentGCThread "G1 Marker#1" [stack: 0x000000e490200000,0x000000e490300000] [id=22208]
  0x000001f9d6fa1800 ConcurrentGCThread "G1 Marker#2" [stack: 0x000000e490300000,0x000000e490400000] [id=22212]
  0x000001f9d6f37000 ConcurrentGCThread "G1 Refine#0" [stack: 0x000000e48fe00000,0x000000e48ff00000] [id=22192]
  0x000001f9d6f3a800 ConcurrentGCThread "G1 Refine#1" [stack: 0x000000e48fd00000,0x000000e48fe00000] [id=22188]
  0x000001f9d6f3a000 ConcurrentGCThread "G1 Refine#2" [stack: 0x000000e48fc00000,0x000000e48fd00000] [id=22184]
  0x000001f9d6f3c800 ConcurrentGCThread "G1 Refine#3" [stack: 0x000000e48fb00000,0x000000e48fc00000] [id=22180]
  0x000001f9d6f38800 ConcurrentGCThread "G1 Refine#4" [stack: 0x000000e48fa00000,0x000000e48fb00000] [id=22176]
  0x000001f9d6f36800 ConcurrentGCThread "G1 Refine#5" [stack: 0x000000e48f900000,0x000000e48fa00000] [id=22172]
  0x000001f9d6f3e000 ConcurrentGCThread "G1 Refine#6" [stack: 0x000000e48f800000,0x000000e48f900000] [id=22168]
  0x000001f9d6f3c000 ConcurrentGCThread "G1 Refine#7" [stack: 0x000000e48f700000,0x000000e48f800000] [id=22164]
  0x000001f9d6f38000 ConcurrentGCThread "G1 Refine#8" [stack: 0x000000e48f600000,0x000000e48f700000] [id=22160]
  0x000001f9d6f33000 ConcurrentGCThread "G1 Refine#9" [stack: 0x000000e48f500000,0x000000e48f600000] [id=22156]
  0x000001f9d6f5b000 ConcurrentGCThread "G1 Young RemSet Sampling" [stack: 0x000000e48ff00000,0x000000e490000000] [id=22196]

Threads with active compile tasks:
C2 CompilerThread12256  s    4       jdk.internal.jimage.BasicImageReader::findLocation (115 bytes)

VM state:not at safepoint (normal execution)

VM Mutex/Monitor currently owned by a thread: None

Heap address: 0x00000006c5800000, size: 4008 MB, Compressed Oops mode: Zero based, Oop shift amount: 3
Narrow klass base: 0x0000000000000000, Narrow klass shift: 3
Compressed class space size: 1073741824 Address: 0x00000007c0000000

Heap:
 garbage-first heap   total 258048K, used 26658K [0x00000006c5800000, 0x00000006c59007e0, 0x00000007c0000000)
  region size 1024K, 18 young (18432K), 8 survivors (8192K)
 Metaspace       used 19211K, capacity 20186K, committed 20480K, reserved 1071104K
  class space    used 1996K, capacity 2275K, committed 2304K, reserved 1048576K
Heap Regions: E=young(eden), S=young(survivor), O=old, HS=humongous(starts), HC=humongous(continues), CS=collection set, F=free, A=archive, TS=gc time stamp, AC=allocation context, TAMS=top-at-mark-start (previous, next)
|   0|0x00000006c5800000, 0x00000006c5900000, 0x00000006c5900000|100%|HS|  |TS  0|AC  0|TAMS 0x00000006c5800000, 0x00000006c5800000|
|   1|0x00000006c5900000, 0x00000006c5a00000, 0x00000006c5a00000|100%|HC|  |TS  0|AC  0|TAMS 0x00000006c5900000, 0x00000006c5900000|
|   2|0x00000006c5a00000, 0x00000006c5b00000, 0x00000006c5b00000|100%|HS|  |TS  0|AC  0|TAMS 0x00000006c5a00000, 0x00000006c5a00000|
|   3|0x00000006c5b00000, 0x00000006c5c00000, 0x00000006c5c00000|100%|HC|  |TS  0|AC  0|TAMS 0x00000006c5b00000, 0x00000006c5b00000|
|   4|0x00000006c5c00000, 0x00000006c5d00000, 0x00000006c5d00000|100%| O|  |TS  1|AC  0|TAMS 0x00000006c5c00000, 0x00000006c5c00000|
|   5|0x00000006c5d00000, 0x00000006c5e00000, 0x00000006c5e00000|100%| O|  |TS  1|AC  0|TAMS 0x00000006c5d00000, 0x00000006c5d00000|
|   6|0x00000006c5e00000, 0x00000006c5f00000, 0x00000006c5f00000|100%| O|  |TS  3|AC  0|TAMS 0x00000006c5e00000, 0x00000006c5e00000|
|   7|0x00000006c5f00000, 0x00000006c6000000, 0x00000006c6000000|100%| O|  |TS  3|AC  0|TAMS 0x00000006c5f00000, 0x00000006c5f00000|
|   8|0x00000006c6000000, 0x00000006c6100000, 0x00000006c6100000|100%| O|  |TS  3|AC  0|TAMS 0x00000006c6000000, 0x00000006c6000000|
|   9|0x00000006c6100000, 0x00000006c6108800, 0x00000006c6200000|  3%| O|  |TS  3|AC  0|TAMS 0x00000006c6100000, 0x00000006c6100000|
|  10|0x00000006c6200000, 0x00000006c6200000, 0x00000006c6300000|  0%| F|  |TS  0|AC  0|TAMS 0x00000006c6200000, 0x00000006c6200000|
|  11|0x00000006c6300000, 0x00000006c6300000, 0x00000006c6400000|  0%| F|  |TS  0|AC  0|TAMS 0x00000006c6300000, 0x00000006c6300000|
|  12|0x00000006c6400000, 0x00000006c6400000, 0x00000006c6500000|  0%| F|  |TS  0|AC  0|TAMS 0x00000006c6400000, 0x00000006c6400000|
|  13|0x00000006c6500000, 0x00000006c6500000, 0x00000006c6600000|  0%| F|  |TS  0|AC  0|TAMS 0x00000006c6500000, 0x00000006c6500000|
|  14|0x00000006c6600000, 0x00000006c6600000, 0x00000006c6700000|  0%| F|  |TS  0|AC  0|TAMS 0x00000006c6600000, 0x00000006c6600000|
|  15|0x00000006c6700000, 0x00000006c6700000, 0x00000006c6800000|  0%| F|  |TS  0|AC  0|TAMS 0x00000006c6700000, 0x00000006c6700000|
|  16|0x00000006c6800000, 0x00000006c6800000, 0x00000006c6900000|  0%| F|  |TS  0|AC  0|TAMS 0x00000006c6800000, 0x00000006c6800000|
|  17|0x00000006c6900000, 0x00000006c6900000, 0x00000006c6a00000|  0%| F|  |TS  0|AC  0|TAMS 0x00000006c6900000, 0x00000006c6900000|
|  18|0x00000006c6a00000, 0x00000006c6a00000, 0x00000006c6b00000|  0%| F|  |TS  0|AC  0|TAMS 0x00000006c6a00000, 0x00000006c6a00000|
|  19|0x00000006c6b00000, 0x00000006c6b00000, 0x00000006c6c00000|  0%| F|  |TS  0|AC  0|TAMS 0x00000006c6b00000, 0x00000006c6b00000|
|  20|0x00000006c6c00000, 0x00000006c6c00000, 0x00000006c6d00000|  0%| F|  |TS  0|AC  0|TAMS 0x00000006c6c00000, 0x00000006c6c00000|
|  21|0x00000006c6d00000, 0x00000006c6d00000, 0x00000006c6e00000|  0%| F|  |TS  0|AC  0|TAMS 0x00000006c6d00000, 0x00000006c6d00000|
|  22|0x00000006c6e00000, 0x00000006c6e00000, 0x00000006c6f00000|  0%| F|  |TS  0|AC  0|TAMS 0x00000006c6e00000, 0x00000006c6e00000|
|  23|0x00000006c6f00000, 0x00000006c6f00000, 0x00000006c7000000|  0%| F|  |TS  0|AC  0|TAMS 0x00000006c6f00000, 0x00000006c6f00000|
|  24|0x00000006c7000000, 0x00000006c7000000, 0x00000006c7100000|  0%| F|  |TS  0|AC  0|TAMS 0x00000006c7000000, 0x00000006c7000000|
|  25|0x00000006c7100000, 0x00000006c7100000, 0x00000006c7200000|  0%| F|  |TS  0|AC  0|TAMS 0x00000006c7100000, 0x00000006c7100000|
|  26|0x00000006c7200000, 0x00000006c7200000, 0x00000006c7300000|  0%| F|  |TS  0|AC  0|TAMS 0x00000006c7200000, 0x00000006c7200000|
|  27|0x00000006c7300000, 0x00000006c7300000, 0x00000006c7400000|  0%| F|  |TS  0|AC  0|TAMS 0x00000006c7300000, 0x00000006c7300000|
|  28|0x00000006c7400000, 0x00000006c7400000, 0x00000006c7500000|  0%| F|  |TS  0|AC  0|TAMS 0x00000006c7400000, 0x00000006c7400000|
|  29|0x00000006c7500000, 0x00000006c7500000, 0x00000006c7600000|  0%| F|  |TS  0|AC  0|TAMS 0x00000006c7500000, 0x00000006c7500000|
|  30|0x00000006c7600000, 0x00000006c7600000, 0x00000006c7700000|  0%| F|  |TS  0|AC  0|TAMS 0x00000006c7600000, 0x00000006c7600000|
|  31|0x00000006c7700000, 0x00000006c7700000, 0x00000006c7800000|  0%| F|  |TS  0|AC  0|TAMS 0x00000006c7700000, 0x00000006c7700000|
|  32|0x00000006c7800000, 0x00000006c7800000, 0x00000006c7900000|  0%| F|  |TS  0|AC  0|TAMS 0x00000006c7800000, 0x00000006c7800000|
|  33|0x00000006c7900000, 0x00000006c7900000, 0x00000006c7a00000|  0%| F|  |TS  0|AC  0|TAMS 0x00000006c7900000, 0x00000006c7900000|
|  34|0x00000006c7a00000, 0x00000006c7a00000, 0x00000006c7b00000|  0%| F|  |TS  0|AC  0|TAMS 0x00000006c7a00000, 0x00000006c7a00000|
|  35|0x00000006c7b00000, 0x00000006c7b00000, 0x00000006c7c00000|  0%| F|  |TS  0|AC  0|TAMS 0x00000006c7b00000, 0x00000006c7b00000|
|  36|0x00000006c7c00000, 0x00000006c7c00000, 0x00000006c7d00000|  0%| F|  |TS  0|AC  0|TAMS 0x00000006c7c00000, 0x00000006c7c00000|
|  37|0x00000006c7d00000, 0x00000006c7d00000, 0x00000006c7e00000|  0%| F|  |TS  0|AC  0|TAMS 0x00000006c7d00000, 0x00000006c7d00000|
|  38|0x00000006c7e00000, 0x00000006c7e00000, 0x00000006c7f00000|  0%| F|  |TS  0|AC  0|TAMS 0x00000006c7e00000, 0x00000006c7e00000|
|  39|0x00000006c7f00000, 0x00000006c7f00000, 0x00000006c8000000|  0%| F|  |TS  0|AC  0|TAMS 0x00000006c7f00000, 0x00000006c7f00000|
|  40|0x00000006c8000000, 0x00000006c8000000, 0x00000006c8100000|  0%| F|  |TS  0|AC  0|TAMS 0x00000006c8000000, 0x00000006c8000000|
|  41|0x00000006c8100000, 0x00000006c8100000, 0x00000006c8200000|  0%| F|  |TS  0|AC  0|TAMS 0x00000006c8100000, 0x00000006c8100000|
|  42|0x00000006c8200000, 0x00000006c8200000, 0x00000006c8300000|  0%| F|  |TS  0|AC  0|TAMS 0x00000006c8200000, 0x00000006c8200000|
|  43|0x00000006c8300000, 0x00000006c8300000, 0x00000006c8400000|  0%| F|  |TS  0|AC  0|TAMS 0x00000006c8300000, 0x00000006c8300000|
|  44|0x00000006c8400000, 0x00000006c8400000, 0x00000006c8500000|  0%| F|  |TS  0|AC  0|TAMS 0x00000006c8400000, 0x00000006c8400000|
|  45|0x00000006c8500000, 0x00000006c8500000, 0x00000006c8600000|  0%| F|  |TS  0|AC  0|TAMS 0x00000006c8500000, 0x00000006c8500000|
|  46|0x00000006c8600000, 0x00000006c8600000, 0x00000006c8700000|  0%| F|  |TS  0|AC  0|TAMS 0x00000006c8600000, 0x00000006c8600000|
|  47|0x00000006c8700000, 0x00000006c8700000, 0x00000006c8800000|  0%| F|  |TS  0|AC  0|TAMS 0x00000006c8700000, 0x00000006c8700000|
|  48|0x00000006c8800000, 0x00000006c8800000, 0x00000006c8900000|  0%| F|  |TS  0|AC  0|TAMS 0x00000006c8800000, 0x00000006c8800000|
|  49|0x00000006c8900000, 0x00000006c8900000, 0x00000006c8a00000|  0%| F|  |TS  0|AC  0|TAMS 0x00000006c8900000, 0x00000006c8900000|
|  50|0x00000006c8a00000, 0x00000006c8a00000, 0x00000006c8b00000|  0%| F|  |TS  0|AC  0|TAMS 0x00000006c8a00000, 0x00000006c8a00000|
|  51|0x00000006c8b00000, 0x00000006c8b00000, 0x00000006c8c00000|  0%| F|  |TS  0|AC  0|TAMS 0x00000006c8b00000, 0x00000006c8b00000|
|  52|0x00000006c8c00000, 0x00000006c8c00000, 0x00000006c8d00000|  0%| F|  |TS  0|AC  0|TAMS 0x00000006c8c00000, 0x00000006c8c00000|
|  53|0x00000006c8d00000, 0x00000006c8d00000, 0x00000006c8e00000|  0%| F|  |TS  0|AC  0|TAMS 0x00000006c8d00000, 0x00000006c8d00000|
|  54|0x00000006c8e00000, 0x00000006c8e00000, 0x00000006c8f00000|  0%| F|  |TS  0|AC  0|TAMS 0x00000006c8e00000, 0x00000006c8e00000|
|  55|0x00000006c8f00000, 0x00000006c8f00000, 0x00000006c9000000|  0%| F|  |TS  0|AC  0|TAMS 0x00000006c8f00000, 0x00000006c8f00000|
|  56|0x00000006c9000000, 0x00000006c9000000, 0x00000006c9100000|  0%| F|  |TS  0|AC  0|TAMS 0x00000006c9000000, 0x00000006c9000000|
|  57|0x00000006c9100000, 0x00000006c9100000, 0x00000006c9200000|  0%| F|  |TS  0|AC  0|TAMS 0x00000006c9100000, 0x00000006c9100000|
|  58|0x00000006c9200000, 0x00000006c9200000, 0x00000006c9300000|  0%| F|  |TS  0|AC  0|TAMS 0x00000006c9200000, 0x00000006c9200000|
|  59|0x00000006c9300000, 0x00000006c9300000, 0x00000006c9400000|  0%| F|  |TS  0|AC  0|TAMS 0x00000006c9300000, 0x00000006c9300000|
|  60|0x00000006c9400000, 0x00000006c9400000, 0x00000006c9500000|  0%| F|  |TS  0|AC  0|TAMS 0x00000006c9400000, 0x00000006c9400000|
|  61|0x00000006c9500000, 0x00000006c9500000, 0x00000006c9600000|  0%| F|  |TS  0|AC  0|TAMS 0x00000006c9500000, 0x00000006c9500000|
|  62|0x00000006c9600000, 0x00000006c9600000, 0x00000006c9700000|  0%| F|  |TS  0|AC  0|TAMS 0x00000006c9600000, 0x00000006c9600000|
|  63|0x00000006c9700000, 0x00000006c9700000, 0x00000006c9800000|  0%| F|  |TS  0|AC  0|TAMS 0x00000006c9700000, 0x00000006c9700000|
|  64|0x00000006c9800000, 0x00000006c9800000, 0x00000006c9900000|  0%| F|  |TS  0|AC  0|TAMS 0x00000006c9800000, 0x00000006c9800000|
|  65|0x00000006c9900000, 0x00000006c9900000, 0x00000006c9a00000|  0%| F|  |TS  0|AC  0|TAMS 0x00000006c9900000, 0x00000006c9900000|
|  66|0x00000006c9a00000, 0x00000006c9a00000, 0x00000006c9b00000|  0%| F|  |TS  0|AC  0|TAMS 0x00000006c9a00000, 0x00000006c9a00000|
|  67|0x00000006c9b00000, 0x00000006c9b00000, 0x00000006c9c00000|  0%| F|  |TS  0|AC  0|TAMS 0x00000006c9b00000, 0x00000006c9b00000|
|  68|0x00000006c9c00000, 0x00000006c9c00000, 0x00000006c9d00000|  0%| F|  |TS  0|AC  0|TAMS 0x00000006c9c00000, 0x00000006c9c00000|
|  69|0x00000006c9d00000, 0x00000006c9d00000, 0x00000006c9e00000|  0%| F|  |TS  0|AC  0|TAMS 0x00000006c9d00000, 0x00000006c9d00000|
|  70|0x00000006c9e00000, 0x00000006c9e00000, 0x00000006c9f00000|  0%| F|  |TS  0|AC  0|TAMS 0x00000006c9e00000, 0x00000006c9e00000|
|  71|0x00000006c9f00000, 0x00000006c9f00000, 0x00000006ca000000|  0%| F|  |TS  0|AC  0|TAMS 0x00000006c9f00000, 0x00000006c9f00000|
|  72|0x00000006ca000000, 0x00000006ca000000, 0x00000006ca100000|  0%| F|  |TS  0|AC  0|TAMS 0x00000006ca000000, 0x00000006ca000000|
|  73|0x00000006ca100000, 0x00000006ca100000, 0x00000006ca200000|  0%| F|  |TS  0|AC  0|TAMS 0x00000006ca100000, 0x00000006ca100000|
|  74|0x00000006ca200000, 0x00000006ca200000, 0x00000006ca300000|  0%| F|  |TS  0|AC  0|TAMS 0x00000006ca200000, 0x00000006ca200000|
|  75|0x00000006ca300000, 0x00000006ca300000, 0x00000006ca400000|  0%| F|  |TS  0|AC  0|TAMS 0x00000006ca300000, 0x00000006ca300000|
|  76|0x00000006ca400000, 0x00000006ca400000, 0x00000006ca500000|  0%| F|  |TS  0|AC  0|TAMS 0x00000006ca400000, 0x00000006ca400000|
|  77|0x00000006ca500000, 0x00000006ca500000, 0x00000006ca600000|  0%| F|  |TS  0|AC  0|TAMS 0x00000006ca500000, 0x00000006ca500000|
|  78|0x00000006ca600000, 0x00000006ca600000, 0x00000006ca700000|  0%| F|  |TS  0|AC  0|TAMS 0x00000006ca600000, 0x00000006ca600000|
|  79|0x00000006ca700000, 0x00000006ca700000, 0x00000006ca800000|  0%| F|  |TS  0|AC  0|TAMS 0x00000006ca700000, 0x00000006ca700000|
|  80|0x00000006ca800000, 0x00000006ca800000, 0x00000006ca900000|  0%| F|  |TS  0|AC  0|TAMS 0x00000006ca800000, 0x00000006ca800000|
|  81|0x00000006ca900000, 0x00000006ca900000, 0x00000006caa00000|  0%| F|  |TS  0|AC  0|TAMS 0x00000006ca900000, 0x00000006ca900000|
|  82|0x00000006caa00000, 0x00000006caa00000, 0x00000006cab00000|  0%| F|  |TS  0|AC  0|TAMS 0x00000006caa00000, 0x00000006caa00000|
|  83|0x00000006cab00000, 0x00000006cab00000, 0x00000006cac00000|  0%| F|  |TS  0|AC  0|TAMS 0x00000006cab00000, 0x00000006cab00000|
|  84|0x00000006cac00000, 0x00000006cac00000, 0x00000006cad00000|  0%| F|  |TS  0|AC  0|TAMS 0x00000006cac00000, 0x00000006cac00000|
|  85|0x00000006cad00000, 0x00000006cad00000, 0x00000006cae00000|  0%| F|  |TS  0|AC  0|TAMS 0x00000006cad00000, 0x00000006cad00000|
|  86|0x00000006cae00000, 0x00000006cae00000, 0x00000006caf00000|  0%| F|  |TS  0|AC  0|TAMS 0x00000006cae00000, 0x00000006cae00000|
|  87|0x00000006caf00000, 0x00000006caf00000, 0x00000006cb000000|  0%| F|  |TS  0|AC  0|TAMS 0x00000006caf00000, 0x00000006caf00000|
|  88|0x00000006cb000000, 0x00000006cb000000, 0x00000006cb100000|  0%| F|  |TS  0|AC  0|TAMS 0x00000006cb000000, 0x00000006cb000000|
|  89|0x00000006cb100000, 0x00000006cb100000, 0x00000006cb200000|  0%| F|  |TS  0|AC  0|TAMS 0x00000006cb100000, 0x00000006cb100000|
|  90|0x00000006cb200000, 0x00000006cb200000, 0x00000006cb300000|  0%| F|  |TS  0|AC  0|TAMS 0x00000006cb200000, 0x00000006cb200000|
|  91|0x00000006cb300000, 0x00000006cb300000, 0x00000006cb400000|  0%| F|  |TS  0|AC  0|TAMS 0x00000006cb300000, 0x00000006cb300000|
|  92|0x00000006cb400000, 0x00000006cb400000, 0x00000006cb500000|  0%| F|  |TS  0|AC  0|TAMS 0x00000006cb400000, 0x00000006cb400000|
|  93|0x00000006cb500000, 0x00000006cb500000, 0x00000006cb600000|  0%| F|  |TS  0|AC  0|TAMS 0x00000006cb500000, 0x00000006cb500000|
|  94|0x00000006cb600000, 0x00000006cb600000, 0x00000006cb700000|  0%| F|  |TS  0|AC  0|TAMS 0x00000006cb600000, 0x00000006cb600000|
|  95|0x00000006cb700000, 0x00000006cb700000, 0x00000006cb800000|  0%| F|  |TS  0|AC  0|TAMS 0x00000006cb700000, 0x00000006cb700000|
|  96|0x00000006cb800000, 0x00000006cb800000, 0x00000006cb900000|  0%| F|  |TS  0|AC  0|TAMS 0x00000006cb800000, 0x00000006cb800000|
|  97|0x00000006cb900000, 0x00000006cb900000, 0x00000006cba00000|  0%| F|  |TS  0|AC  0|TAMS 0x00000006cb900000, 0x00000006cb900000|
|  98|0x00000006cba00000, 0x00000006cba00000, 0x00000006cbb00000|  0%| F|  |TS  0|AC  0|TAMS 0x00000006cba00000, 0x00000006cba00000|
|  99|0x00000006cbb00000, 0x00000006cbb00000, 0x00000006cbc00000|  0%| F|  |TS  0|AC  0|TAMS 0x00000006cbb00000, 0x00000006cbb00000|
| 100|0x00000006cbc00000, 0x00000006cbc00000, 0x00000006cbd00000|  0%| F|  |TS  0|AC  0|TAMS 0x00000006cbc00000, 0x00000006cbc00000|
| 101|0x00000006cbd00000, 0x00000006cbd00000, 0x00000006cbe00000|  0%| F|  |TS  0|AC  0|TAMS 0x00000006cbd00000, 0x00000006cbd00000|
| 102|0x00000006cbe00000, 0x00000006cbe00000, 0x00000006cbf00000|  0%| F|  |TS  0|AC  0|TAMS 0x00000006cbe00000, 0x00000006cbe00000|
| 103|0x00000006cbf00000, 0x00000006cbf00000, 0x00000006cc000000|  0%| F|  |TS  0|AC  0|TAMS 0x00000006cbf00000, 0x00000006cbf00000|
| 104|0x00000006cc000000, 0x00000006cc000000, 0x00000006cc100000|  0%| F|  |TS  0|AC  0|TAMS 0x00000006cc000000, 0x00000006cc000000|
| 105|0x00000006cc100000, 0x00000006cc100000, 0x00000006cc200000|  0%| F|  |TS  0|AC  0|TAMS 0x00000006cc100000, 0x00000006cc100000|
| 106|0x00000006cc200000, 0x00000006cc200000, 0x00000006cc300000|  0%| F|  |TS  0|AC  0|TAMS 0x00000006cc200000, 0x00000006cc200000|
| 107|0x00000006cc300000, 0x00000006cc300000, 0x00000006cc400000|  0%| F|  |TS  0|AC  0|TAMS 0x00000006cc300000, 0x00000006cc300000|
| 108|0x00000006cc400000, 0x00000006cc400000, 0x00000006cc500000|  0%| F|  |TS  0|AC  0|TAMS 0x00000006cc400000, 0x00000006cc400000|
| 109|0x00000006cc500000, 0x00000006cc500000, 0x00000006cc600000|  0%| F|  |TS  0|AC  0|TAMS 0x00000006cc500000, 0x00000006cc500000|
| 110|0x00000006cc600000, 0x00000006cc600000, 0x00000006cc700000|  0%| F|  |TS  0|AC  0|TAMS 0x00000006cc600000, 0x00000006cc600000|
| 111|0x00000006cc700000, 0x00000006cc700000, 0x00000006cc800000|  0%| F|  |TS  0|AC  0|TAMS 0x00000006cc700000, 0x00000006cc700000|
| 112|0x00000006cc800000, 0x00000006cc800000, 0x00000006cc900000|  0%| F|  |TS  0|AC  0|TAMS 0x00000006cc800000, 0x00000006cc800000|
| 113|0x00000006cc900000, 0x00000006cc900000, 0x00000006cca00000|  0%| F|  |TS  0|AC  0|TAMS 0x00000006cc900000, 0x00000006cc900000|
| 114|0x00000006cca00000, 0x00000006cca00000, 0x00000006ccb00000|  0%| F|  |TS  0|AC  0|TAMS 0x00000006cca00000, 0x00000006cca00000|
| 115|0x00000006ccb00000, 0x00000006ccb00000, 0x00000006ccc00000|  0%| F|  |TS  0|AC  0|TAMS 0x00000006ccb00000, 0x00000006ccb00000|
| 116|0x00000006ccc00000, 0x00000006ccc00000, 0x00000006ccd00000|  0%| F|  |TS  0|AC  0|TAMS 0x00000006ccc00000, 0x00000006ccc00000|
| 117|0x00000006ccd00000, 0x00000006ccd00000, 0x00000006cce00000|  0%| F|  |TS  0|AC  0|TAMS 0x00000006ccd00000, 0x00000006ccd00000|
| 118|0x00000006cce00000, 0x00000006cce00000, 0x00000006ccf00000|  0%| F|  |TS  0|AC  0|TAMS 0x00000006cce00000, 0x00000006cce00000|
| 119|0x00000006ccf00000, 0x00000006ccf00000, 0x00000006cd000000|  0%| F|  |TS  0|AC  0|TAMS 0x00000006ccf00000, 0x00000006ccf00000|
| 120|0x00000006cd000000, 0x00000006cd000000, 0x00000006cd100000|  0%| F|  |TS  0|AC  0|TAMS 0x00000006cd000000, 0x00000006cd000000|
| 121|0x00000006cd100000, 0x00000006cd100000, 0x00000006cd200000|  0%| F|  |TS  0|AC  0|TAMS 0x00000006cd100000, 0x00000006cd100000|
| 122|0x00000006cd200000, 0x00000006cd200000, 0x00000006cd300000|  0%| F|  |TS  0|AC  0|TAMS 0x00000006cd200000, 0x00000006cd200000|
| 123|0x00000006cd300000, 0x00000006cd300000, 0x00000006cd400000|  0%| F|  |TS  0|AC  0|TAMS 0x00000006cd300000, 0x00000006cd300000|
| 124|0x00000006cd400000, 0x00000006cd400000, 0x00000006cd500000|  0%| F|  |TS  0|AC  0|TAMS 0x00000006cd400000, 0x00000006cd400000|
| 125|0x00000006cd500000, 0x00000006cd500000, 0x00000006cd600000|  0%| F|  |TS  0|AC  0|TAMS 0x00000006cd500000, 0x00000006cd500000|
| 126|0x00000006cd600000, 0x00000006cd600000, 0x00000006cd700000|  0%| F|  |TS  0|AC  0|TAMS 0x00000006cd600000, 0x00000006cd600000|
| 127|0x00000006cd700000, 0x00000006cd700000, 0x00000006cd800000|  0%| F|  |TS  0|AC  0|TAMS 0x00000006cd700000, 0x00000006cd700000|
| 128|0x00000006cd800000, 0x00000006cd800000, 0x00000006cd900000|  0%| F|  |TS  0|AC  0|TAMS 0x00000006cd800000, 0x00000006cd800000|
| 129|0x00000006cd900000, 0x00000006cd900000, 0x00000006cda00000|  0%| F|  |TS  0|AC  0|TAMS 0x00000006cd900000, 0x00000006cd900000|
| 130|0x00000006cda00000, 0x00000006cda00000, 0x00000006cdb00000|  0%| F|  |TS  0|AC  0|TAMS 0x00000006cda00000, 0x00000006cda00000|
| 131|0x00000006cdb00000, 0x00000006cdb00000, 0x00000006cdc00000|  0%| F|  |TS  0|AC  0|TAMS 0x00000006cdb00000, 0x00000006cdb00000|
| 132|0x00000006cdc00000, 0x00000006cdc00000, 0x00000006cdd00000|  0%| F|  |TS  0|AC  0|TAMS 0x00000006cdc00000, 0x00000006cdc00000|
| 133|0x00000006cdd00000, 0x00000006cdd00000, 0x00000006cde00000|  0%| F|  |TS  0|AC  0|TAMS 0x00000006cdd00000, 0x00000006cdd00000|
| 134|0x00000006cde00000, 0x00000006cde00000, 0x00000006cdf00000|  0%| F|  |TS  0|AC  0|TAMS 0x00000006cde00000, 0x00000006cde00000|
| 135|0x00000006cdf00000, 0x00000006cdf00000, 0x00000006ce000000|  0%| F|  |TS  0|AC  0|TAMS 0x00000006cdf00000, 0x00000006cdf00000|
| 136|0x00000006ce000000, 0x00000006ce000000, 0x00000006ce100000|  0%| F|  |TS  0|AC  0|TAMS 0x00000006ce000000, 0x00000006ce000000|
| 137|0x00000006ce100000, 0x00000006ce100000, 0x00000006ce200000|  0%| F|  |TS  0|AC  0|TAMS 0x00000006ce100000, 0x00000006ce100000|
| 138|0x00000006ce200000, 0x00000006ce200000, 0x00000006ce300000|  0%| F|  |TS  0|AC  0|TAMS 0x00000006ce200000, 0x00000006ce200000|
| 139|0x00000006ce300000, 0x00000006ce300000, 0x00000006ce400000|  0%| F|  |TS  0|AC  0|TAMS 0x00000006ce300000, 0x00000006ce300000|
| 140|0x00000006ce400000, 0x00000006ce400000, 0x00000006ce500000|  0%| F|  |TS  0|AC  0|TAMS 0x00000006ce400000, 0x00000006ce400000|
| 141|0x00000006ce500000, 0x00000006ce500000, 0x00000006ce600000|  0%| F|  |TS  0|AC  0|TAMS 0x00000006ce500000, 0x00000006ce500000|
| 142|0x00000006ce600000, 0x00000006ce600000, 0x00000006ce700000|  0%| F|  |TS  0|AC  0|TAMS 0x00000006ce600000, 0x00000006ce600000|
| 143|0x00000006ce700000, 0x00000006ce700000, 0x00000006ce800000|  0%| F|  |TS  0|AC  0|TAMS 0x00000006ce700000, 0x00000006ce700000|
| 144|0x00000006ce800000, 0x00000006ce800000, 0x00000006ce900000|  0%| F|  |TS  0|AC  0|TAMS 0x00000006ce800000, 0x00000006ce800000|
| 145|0x00000006ce900000, 0x00000006ce900000, 0x00000006cea00000|  0%| F|  |TS  0|AC  0|TAMS 0x00000006ce900000, 0x00000006ce900000|
| 146|0x00000006cea00000, 0x00000006cea00000, 0x00000006ceb00000|  0%| F|  |TS  0|AC  0|TAMS 0x00000006cea00000, 0x00000006cea00000|
| 147|0x00000006ceb00000, 0x00000006ceb00000, 0x00000006cec00000|  0%| F|  |TS  0|AC  0|TAMS 0x00000006ceb00000, 0x00000006ceb00000|
| 148|0x00000006cec00000, 0x00000006cec00000, 0x00000006ced00000|  0%| F|  |TS  0|AC  0|TAMS 0x00000006cec00000, 0x00000006cec00000|
| 149|0x00000006ced00000, 0x00000006ced00000, 0x00000006cee00000|  0%| F|  |TS  0|AC  0|TAMS 0x00000006ced00000, 0x00000006ced00000|
| 150|0x00000006cee00000, 0x00000006cee00000, 0x00000006cef00000|  0%| F|  |TS  0|AC  0|TAMS 0x00000006cee00000, 0x00000006cee00000|
| 151|0x00000006cef00000, 0x00000006cef00000, 0x00000006cf000000|  0%| F|  |TS  0|AC  0|TAMS 0x00000006cef00000, 0x00000006cef00000|
| 152|0x00000006cf000000, 0x00000006cf000000, 0x00000006cf100000|  0%| F|  |TS  0|AC  0|TAMS 0x00000006cf000000, 0x00000006cf000000|
| 153|0x00000006cf100000, 0x00000006cf100000, 0x00000006cf200000|  0%| F|  |TS  0|AC  0|TAMS 0x00000006cf100000, 0x00000006cf100000|
| 154|0x00000006cf200000, 0x00000006cf200000, 0x00000006cf300000|  0%| F|  |TS  0|AC  0|TAMS 0x00000006cf200000, 0x00000006cf200000|
| 155|0x00000006cf300000, 0x00000006cf300000, 0x00000006cf400000|  0%| F|  |TS  0|AC  0|TAMS 0x00000006cf300000, 0x00000006cf300000|
| 156|0x00000006cf400000, 0x00000006cf400000, 0x00000006cf500000|  0%| F|  |TS  0|AC  0|TAMS 0x00000006cf400000, 0x00000006cf400000|
| 157|0x00000006cf500000, 0x00000006cf500000, 0x00000006cf600000|  0%| F|  |TS  0|AC  0|TAMS 0x00000006cf500000, 0x00000006cf500000|
| 158|0x00000006cf600000, 0x00000006cf600000, 0x00000006cf700000|  0%| F|  |TS  0|AC  0|TAMS 0x00000006cf600000, 0x00000006cf600000|
| 159|0x00000006cf700000, 0x00000006cf700000, 0x00000006cf800000|  0%| F|  |TS  0|AC  0|TAMS 0x00000006cf700000, 0x00000006cf700000|
| 160|0x00000006cf800000, 0x00000006cf800000, 0x00000006cf900000|  0%| F|  |TS  0|AC  0|TAMS 0x00000006cf800000, 0x00000006cf800000|
| 161|0x00000006cf900000, 0x00000006cf900000, 0x00000006cfa00000|  0%| F|  |TS  0|AC  0|TAMS 0x00000006cf900000, 0x00000006cf900000|
| 162|0x00000006cfa00000, 0x00000006cfa00000, 0x00000006cfb00000|  0%| F|  |TS  0|AC  0|TAMS 0x00000006cfa00000, 0x00000006cfa00000|
| 163|0x00000006cfb00000, 0x00000006cfb00000, 0x00000006cfc00000|  0%| F|  |TS  0|AC  0|TAMS 0x00000006cfb00000, 0x00000006cfb00000|
| 164|0x00000006cfc00000, 0x00000006cfc00000, 0x00000006cfd00000|  0%| F|  |TS  0|AC  0|TAMS 0x00000006cfc00000, 0x00000006cfc00000|
| 165|0x00000006cfd00000, 0x00000006cfd00000, 0x00000006cfe00000|  0%| F|  |TS  0|AC  0|TAMS 0x00000006cfd00000, 0x00000006cfd00000|
| 166|0x00000006cfe00000, 0x00000006cfe00000, 0x00000006cff00000|  0%| F|  |TS  0|AC  0|TAMS 0x00000006cfe00000, 0x00000006cfe00000|
| 167|0x00000006cff00000, 0x00000006cff00000, 0x00000006d0000000|  0%| F|  |TS  0|AC  0|TAMS 0x00000006cff00000, 0x00000006cff00000|
| 168|0x00000006d0000000, 0x00000006d0000000, 0x00000006d0100000|  0%| F|  |TS  0|AC  0|TAMS 0x00000006d0000000, 0x00000006d0000000|
| 169|0x00000006d0100000, 0x00000006d0100000, 0x00000006d0200000|  0%| F|  |TS  0|AC  0|TAMS 0x00000006d0100000, 0x00000006d0100000|
| 170|0x00000006d0200000, 0x00000006d0200000, 0x00000006d0300000|  0%| F|  |TS  0|AC  0|TAMS 0x00000006d0200000, 0x00000006d0200000|
| 171|0x00000006d0300000, 0x00000006d0300000, 0x00000006d0400000|  0%| F|  |TS  0|AC  0|TAMS 0x00000006d0300000, 0x00000006d0300000|
| 172|0x00000006d0400000, 0x00000006d0400000, 0x00000006d0500000|  0%| F|  |TS  0|AC  0|TAMS 0x00000006d0400000, 0x00000006d0400000|
| 173|0x00000006d0500000, 0x00000006d0500000, 0x00000006d0600000|  0%| F|  |TS  0|AC  0|TAMS 0x00000006d0500000, 0x00000006d0500000|
| 174|0x00000006d0600000, 0x00000006d0600000, 0x00000006d0700000|  0%| F|  |TS  0|AC  0|TAMS 0x00000006d0600000, 0x00000006d0600000|
| 175|0x00000006d0700000, 0x00000006d0700000, 0x00000006d0800000|  0%| F|  |TS  0|AC  0|TAMS 0x00000006d0700000, 0x00000006d0700000|
| 176|0x00000006d0800000, 0x00000006d0800000, 0x00000006d0900000|  0%| F|  |TS  0|AC  0|TAMS 0x00000006d0800000, 0x00000006d0800000|
| 177|0x00000006d0900000, 0x00000006d0900000, 0x00000006d0a00000|  0%| F|  |TS  0|AC  0|TAMS 0x00000006d0900000, 0x00000006d0900000|
| 178|0x00000006d0a00000, 0x00000006d0a00000, 0x00000006d0b00000|  0%| F|  |TS  0|AC  0|TAMS 0x00000006d0a00000, 0x00000006d0a00000|
| 179|0x00000006d0b00000, 0x00000006d0b00000, 0x00000006d0c00000|  0%| F|  |TS  0|AC  0|TAMS 0x00000006d0b00000, 0x00000006d0b00000|
| 180|0x00000006d0c00000, 0x00000006d0c00000, 0x00000006d0d00000|  0%| F|  |TS  0|AC  0|TAMS 0x00000006d0c00000, 0x00000006d0c00000|
| 181|0x00000006d0d00000, 0x00000006d0d00000, 0x00000006d0e00000|  0%| F|  |TS  0|AC  0|TAMS 0x00000006d0d00000, 0x00000006d0d00000|
| 182|0x00000006d0e00000, 0x00000006d0e00000, 0x00000006d0f00000|  0%| F|  |TS  0|AC  0|TAMS 0x00000006d0e00000, 0x00000006d0e00000|
| 183|0x00000006d0f00000, 0x00000006d1000000, 0x00000006d1000000|100%| S|CS|TS  3|AC  0|TAMS 0x00000006d0f00000, 0x00000006d0f00000|
| 184|0x00000006d1000000, 0x00000006d1100000, 0x00000006d1100000|100%| S|CS|TS  3|AC  0|TAMS 0x00000006d1000000, 0x00000006d1000000|
| 185|0x00000006d1100000, 0x00000006d1200000, 0x00000006d1200000|100%| S|CS|TS  3|AC  0|TAMS 0x00000006d1100000, 0x00000006d1100000|
| 186|0x00000006d1200000, 0x00000006d1300000, 0x00000006d1300000|100%| S|CS|TS  3|AC  0|TAMS 0x00000006d1200000, 0x00000006d1200000|
| 187|0x00000006d1300000, 0x00000006d1400000, 0x00000006d1400000|100%| S|CS|TS  3|AC  0|TAMS 0x00000006d1300000, 0x00000006d1300000|
| 188|0x00000006d1400000, 0x00000006d1500000, 0x00000006d1500000|100%| S|CS|TS  3|AC  0|TAMS 0x00000006d1400000, 0x00000006d1400000|
| 189|0x00000006d1500000, 0x00000006d1600000, 0x00000006d1600000|100%| S|CS|TS  3|AC  0|TAMS 0x00000006d1500000, 0x00000006d1500000|
| 190|0x00000006d1600000, 0x00000006d1700000, 0x00000006d1700000|100%| S|CS|TS  3|AC  0|TAMS 0x00000006d1600000, 0x00000006d1600000|
| 191|0x00000006d1700000, 0x00000006d1700000, 0x00000006d1800000|  0%| F|  |TS  3|AC  0|TAMS 0x00000006d1700000, 0x00000006d1700000|
| 192|0x00000006d1800000, 0x00000006d1800000, 0x00000006d1900000|  0%| F|  |TS  3|AC  0|TAMS 0x00000006d1800000, 0x00000006d1800000|
| 193|0x00000006d1900000, 0x00000006d1900000, 0x00000006d1a00000|  0%| F|  |TS  3|AC  0|TAMS 0x00000006d1900000, 0x00000006d1900000|
| 194|0x00000006d1a00000, 0x00000006d1a00000, 0x00000006d1b00000|  0%| F|  |TS  3|AC  0|TAMS 0x00000006d1a00000, 0x00000006d1a00000|
| 195|0x00000006d1b00000, 0x00000006d1b00000, 0x00000006d1c00000|  0%| F|  |TS  3|AC  0|TAMS 0x00000006d1b00000, 0x00000006d1b00000|
| 196|0x00000006d1c00000, 0x00000006d1c00000, 0x00000006d1d00000|  0%| F|  |TS  3|AC  0|TAMS 0x00000006d1c00000, 0x00000006d1c00000|
| 197|0x00000006d1d00000, 0x00000006d1d00000, 0x00000006d1e00000|  0%| F|  |TS  3|AC  0|TAMS 0x00000006d1d00000, 0x00000006d1d00000|
| 198|0x00000006d1e00000, 0x00000006d1e00000, 0x00000006d1f00000|  0%| F|  |TS  3|AC  0|TAMS 0x00000006d1e00000, 0x00000006d1e00000|
| 199|0x00000006d1f00000, 0x00000006d1f00000, 0x00000006d2000000|  0%| F|  |TS  3|AC  0|TAMS 0x00000006d1f00000, 0x00000006d1f00000|
| 200|0x00000006d2000000, 0x00000006d2000000, 0x00000006d2100000|  0%| F|  |TS  3|AC  0|TAMS 0x00000006d2000000, 0x00000006d2000000|
| 201|0x00000006d2100000, 0x00000006d2100000, 0x00000006d2200000|  0%| F|  |TS  3|AC  0|TAMS 0x00000006d2100000, 0x00000006d2100000|
| 202|0x00000006d2200000, 0x00000006d2200000, 0x00000006d2300000|  0%| F|  |TS  3|AC  0|TAMS 0x00000006d2200000, 0x00000006d2200000|
| 203|0x00000006d2300000, 0x00000006d2300000, 0x00000006d2400000|  0%| F|  |TS  3|AC  0|TAMS 0x00000006d2300000, 0x00000006d2300000|
| 204|0x00000006d2400000, 0x00000006d2400000, 0x00000006d2500000|  0%| F|  |TS  3|AC  0|TAMS 0x00000006d2400000, 0x00000006d2400000|
| 205|0x00000006d2500000, 0x00000006d2500000, 0x00000006d2600000|  0%| F|  |TS  3|AC  0|TAMS 0x00000006d2500000, 0x00000006d2500000|
| 206|0x00000006d2600000, 0x00000006d2600000, 0x00000006d2700000|  0%| F|  |TS  3|AC  0|TAMS 0x00000006d2600000, 0x00000006d2600000|
| 207|0x00000006d2700000, 0x00000006d2700000, 0x00000006d2800000|  0%| F|  |TS  3|AC  0|TAMS 0x00000006d2700000, 0x00000006d2700000|
| 208|0x00000006d2800000, 0x00000006d2800000, 0x00000006d2900000|  0%| F|  |TS  3|AC  0|TAMS 0x00000006d2800000, 0x00000006d2800000|
| 209|0x00000006d2900000, 0x00000006d2900000, 0x00000006d2a00000|  0%| F|  |TS  3|AC  0|TAMS 0x00000006d2900000, 0x00000006d2900000|
| 210|0x00000006d2a00000, 0x00000006d2a00000, 0x00000006d2b00000|  0%| F|  |TS  3|AC  0|TAMS 0x00000006d2a00000, 0x00000006d2a00000|
| 211|0x00000006d2b00000, 0x00000006d2b00000, 0x00000006d2c00000|  0%| F|  |TS  3|AC  0|TAMS 0x00000006d2b00000, 0x00000006d2b00000|
| 212|0x00000006d2c00000, 0x00000006d2c00000, 0x00000006d2d00000|  0%| F|  |TS  3|AC  0|TAMS 0x00000006d2c00000, 0x00000006d2c00000|
| 213|0x00000006d2d00000, 0x00000006d2d00000, 0x00000006d2e00000|  0%| F|  |TS  3|AC  0|TAMS 0x00000006d2d00000, 0x00000006d2d00000|
| 214|0x00000006d2e00000, 0x00000006d2e00000, 0x00000006d2f00000|  0%| F|  |TS  3|AC  0|TAMS 0x00000006d2e00000, 0x00000006d2e00000|
| 215|0x00000006d2f00000, 0x00000006d2f00000, 0x00000006d3000000|  0%| F|  |TS  3|AC  0|TAMS 0x00000006d2f00000, 0x00000006d2f00000|
| 216|0x00000006d3000000, 0x00000006d3000000, 0x00000006d3100000|  0%| F|  |TS  3|AC  0|TAMS 0x00000006d3000000, 0x00000006d3000000|
| 217|0x00000006d3100000, 0x00000006d3100000, 0x00000006d3200000|  0%| F|  |TS  3|AC  0|TAMS 0x00000006d3100000, 0x00000006d3100000|
| 218|0x00000006d3200000, 0x00000006d3200000, 0x00000006d3300000|  0%| F|  |TS  3|AC  0|TAMS 0x00000006d3200000, 0x00000006d3200000|
| 219|0x00000006d3300000, 0x00000006d3300000, 0x00000006d3400000|  0%| F|  |TS  3|AC  0|TAMS 0x00000006d3300000, 0x00000006d3300000|
| 220|0x00000006d3400000, 0x00000006d3400000, 0x00000006d3500000|  0%| F|  |TS  3|AC  0|TAMS 0x00000006d3400000, 0x00000006d3400000|
| 221|0x00000006d3500000, 0x00000006d3500000, 0x00000006d3600000|  0%| F|  |TS  3|AC  0|TAMS 0x00000006d3500000, 0x00000006d3500000|
| 222|0x00000006d3600000, 0x00000006d3600000, 0x00000006d3700000|  0%| F|  |TS  3|AC  0|TAMS 0x00000006d3600000, 0x00000006d3600000|
| 223|0x00000006d3700000, 0x00000006d3700000, 0x00000006d3800000|  0%| F|  |TS  3|AC  0|TAMS 0x00000006d3700000, 0x00000006d3700000|
| 224|0x00000006d3800000, 0x00000006d3800000, 0x00000006d3900000|  0%| F|  |TS  3|AC  0|TAMS 0x00000006d3800000, 0x00000006d3800000|
| 225|0x00000006d3900000, 0x00000006d3900000, 0x00000006d3a00000|  0%| F|  |TS  3|AC  0|TAMS 0x00000006d3900000, 0x00000006d3900000|
| 226|0x00000006d3a00000, 0x00000006d3a00000, 0x00000006d3b00000|  0%| F|  |TS  3|AC  0|TAMS 0x00000006d3a00000, 0x00000006d3a00000|
| 227|0x00000006d3b00000, 0x00000006d3b00000, 0x00000006d3c00000|  0%| F|  |TS  3|AC  0|TAMS 0x00000006d3b00000, 0x00000006d3b00000|
| 228|0x00000006d3c00000, 0x00000006d3c00000, 0x00000006d3d00000|  0%| F|  |TS  3|AC  0|TAMS 0x00000006d3c00000, 0x00000006d3c00000|
| 229|0x00000006d3d00000, 0x00000006d3d00000, 0x00000006d3e00000|  0%| F|  |TS  3|AC  0|TAMS 0x00000006d3d00000, 0x00000006d3d00000|
| 230|0x00000006d3e00000, 0x00000006d3e00000, 0x00000006d3f00000|  0%| F|  |TS  3|AC  0|TAMS 0x00000006d3e00000, 0x00000006d3e00000|
| 231|0x00000006d3f00000, 0x00000006d3f00000, 0x00000006d4000000|  0%| F|  |TS  3|AC  0|TAMS 0x00000006d3f00000, 0x00000006d3f00000|
| 232|0x00000006d4000000, 0x00000006d4000000, 0x00000006d4100000|  0%| F|  |TS  3|AC  0|TAMS 0x00000006d4000000, 0x00000006d4000000|
| 233|0x00000006d4100000, 0x00000006d4100000, 0x00000006d4200000|  0%| F|  |TS  3|AC  0|TAMS 0x00000006d4100000, 0x00000006d4100000|
| 234|0x00000006d4200000, 0x00000006d4200000, 0x00000006d4300000|  0%| F|  |TS  3|AC  0|TAMS 0x00000006d4200000, 0x00000006d4200000|
| 235|0x00000006d4300000, 0x00000006d4300000, 0x00000006d4400000|  0%| F|  |TS  3|AC  0|TAMS 0x00000006d4300000, 0x00000006d4300000|
| 236|0x00000006d4400000, 0x00000006d4400000, 0x00000006d4500000|  0%| F|  |TS  3|AC  0|TAMS 0x00000006d4400000, 0x00000006d4400000|
| 237|0x00000006d4500000, 0x00000006d4500000, 0x00000006d4600000|  0%| F|  |TS  3|AC  0|TAMS 0x00000006d4500000, 0x00000006d4500000|
| 238|0x00000006d4600000, 0x00000006d4600000, 0x00000006d4700000|  0%| F|  |TS  3|AC  0|TAMS 0x00000006d4600000, 0x00000006d4600000|
| 239|0x00000006d4700000, 0x00000006d4700000, 0x00000006d4800000|  0%| F|  |TS  3|AC  0|TAMS 0x00000006d4700000, 0x00000006d4700000|
| 240|0x00000006d4800000, 0x00000006d4800000, 0x00000006d4900000|  0%| F|  |TS  3|AC  0|TAMS 0x00000006d4800000, 0x00000006d4800000|
| 241|0x00000006d4900000, 0x00000006d49aa058, 0x00000006d4a00000| 66%| E|  |TS  3|AC  0|TAMS 0x00000006d4900000, 0x00000006d4900000|
| 242|0x00000006d4a00000, 0x00000006d4b00000, 0x00000006d4b00000|100%| E|CS|TS  3|AC  0|TAMS 0x00000006d4a00000, 0x00000006d4a00000|
| 243|0x00000006d4b00000, 0x00000006d4c00000, 0x00000006d4c00000|100%| E|CS|TS  3|AC  0|TAMS 0x00000006d4b00000, 0x00000006d4b00000|
| 244|0x00000006d4c00000, 0x00000006d4d00000, 0x00000006d4d00000|100%| E|CS|TS  3|AC  0|TAMS 0x00000006d4c00000, 0x00000006d4c00000|
| 245|0x00000006d4d00000, 0x00000006d4e00000, 0x00000006d4e00000|100%| E|CS|TS  3|AC  0|TAMS 0x00000006d4d00000, 0x00000006d4d00000|
| 246|0x00000006d4e00000, 0x00000006d4f00000, 0x00000006d4f00000|100%| E|CS|TS  3|AC  0|TAMS 0x00000006d4e00000, 0x00000006d4e00000|
| 247|0x00000006d4f00000, 0x00000006d5000000, 0x00000006d5000000|100%| E|CS|TS  3|AC  0|TAMS 0x00000006d4f00000, 0x00000006d4f00000|
| 248|0x00000006d5000000, 0x00000006d5100000, 0x00000006d5100000|100%| E|CS|TS  3|AC  0|TAMS 0x00000006d5000000, 0x00000006d5000000|
| 249|0x00000006d5100000, 0x00000006d5200000, 0x00000006d5200000|100%| E|CS|TS  3|AC  0|TAMS 0x00000006d5100000, 0x00000006d5100000|
| 250|0x00000006d5200000, 0x00000006d5300000, 0x00000006d5300000|100%| E|CS|TS  3|AC  0|TAMS 0x00000006d5200000, 0x00000006d5200000|
| 251|0x00000006d5300000, 0x00000006d5400000, 0x00000006d5400000|100%| E|CS|TS  3|AC  0|TAMS 0x00000006d5300000, 0x00000006d5300000|

Card table byte_map: [0x000001f9f27f0000,0x000001f9f2fd0000] byte_map_base: 0x000001f9ef1c4000

Marking Bits (Prev, Next): (CMBitMap*) 0x000001f9fb576330, (CMBitMap*) 0x000001f9fb576368
 Prev Bits: [0x000001f9f37b0000, 0x000001f9f7650000)
 Next Bits: [0x000001f9f7650000, 0x000001f9fb4f0000)

Polling page: 0x000001f9d6e90000

CodeHeap 'non-profiled nmethods': size=120000Kb used=1236Kb max_used=1236Kb free=118763Kb
 bounds [0x000001f9e9680000, 0x000001f9e98f0000, 0x000001f9f0bb0000]
CodeHeap 'profiled nmethods': size=120000Kb used=5118Kb max_used=5118Kb free=114881Kb
 bounds [0x000001f9e2150000, 0x000001f9e2650000, 0x000001f9e9680000]
CodeHeap 'non-nmethods': size=5760Kb used=1251Kb max_used=1315Kb free=4508Kb
 bounds [0x000001f9e1bb0000, 0x000001f9e1e20000, 0x000001f9e2150000]
 total_blobs=3412 nmethods=2375 adapters=332
 compilation: enabled

Compilation events (10 events):
Event: 5.589 Thread 0x000001f9fedfd000 2346       4       java.lang.reflect.ProxyGenerator$ConstantPool::getUtf8 (18 bytes)
Event: 5.590 Thread 0x000001f9fee69000 nmethod 2354 0x000001f9e2641a10 code [0x000001f9e2641da0, 0x000001f9e26440a0]
Event: 5.590 Thread 0x000001f9fee69000 2355       3       java.lang.Class::privateGetDeclaredConstructors (79 bytes)
Event: 5.590 Thread 0x000001f9fee69000 nmethod 2355 0x000001f9e2644790 code [0x000001f9e2644980, 0x000001f9e2644f70]
Event: 5.590 Thread 0x000001f9fee69000 2356       3       com.google.common.collect.ImmutableCollection::<init> (5 bytes)
Event: 5.590 Thread 0x000001f9fee69000 nmethod 2356 0x000001f9e2645110 code [0x000001f9e26452c0, 0x000001f9e26454d8]
Event: 5.592 Thread 0x000001f9fee5c800 nmethod 2345 0x000001f9e97af890 code [0x000001f9e97afa80, 0x000001f9e97b0bb8]
Event: 5.592 Thread 0x000001f9fee5c800 2347       4       java.lang.reflect.ProxyGenerator$ConstantPool::getValue (87 bytes)
Event: 5.595 Thread 0x000001f9fee69000 2357       3       java.util.TimSort::countRunAndMakeAscending (128 bytes)
Event: 5.596 Thread 0x000001f9fee69000 nmethod 2357 0x000001f9e2645590 code [0x000001f9e26457e0, 0x000001f9e2646350]

GC Heap History (4 events):
Event: 2.705 GC heap before
{Heap before GC invocations=0 (full 0):
 garbage-first heap   total 258048K, used 28672K [0x00000006c5800000, 0x00000006c59007e0, 0x00000007c0000000)
  region size 1024K, 24 young (24576K), 0 survivors (0K)
 Metaspace       used 11798K, capacity 12234K, committed 12288K, reserved 1060864K
  class space    used 1136K, capacity 1243K, committed 1280K, reserved 1048576K
}
Event: 2.709 GC heap after
{Heap after GC invocations=1 (full 0):
 garbage-first heap   total 258048K, used 9594K [0x00000006c5800000, 0x00000006c59007e0, 0x00000007c0000000)
  region size 1024K, 3 young (3072K), 3 survivors (3072K)
 Metaspace       used 11798K, capacity 12234K, committed 12288K, reserved 1060864K
  class space    used 1136K, capacity 1243K, committed 1280K, reserved 1048576K
}
Event: 5.086 GC heap before
{Heap before GC invocations=1 (full 0):
 garbage-first heap   total 258048K, used 68986K [0x00000006c5800000, 0x00000006c59007e0, 0x00000007c0000000)
  region size 1024K, 61 young (62464K), 3 survivors (3072K)
 Metaspace       used 18370K, capacity 19340K, committed 19584K, reserved 1067008K
  class space    used 1900K, capacity 2142K, committed 2176K, reserved 1048576K
}
Event: 5.096 GC heap after
{Heap after GC invocations=2 (full 0):
 garbage-first heap   total 258048K, used 17442K [0x00000006c5800000, 0x00000006c59007e0, 0x00000007c0000000)
  region size 1024K, 8 young (8192K), 8 survivors (8192K)
 Metaspace       used 18370K, capacity 19340K, committed 19584K, reserved 1067008K
  class space    used 1900K, capacity 2142K, committed 2176K, reserved 1048576K
}

Deoptimization events (10 events):
Event: 4.930 Thread 0x000001f9802ad000 Uncommon trap: reason=bimorphic_or_optimized_type_check action=maybe_recompile pc=0x000001f9e96eb468 method=java.util.regex.Matcher.match(II)Z @ 121 c2
Event: 4.930 Thread 0x000001f9802ad000 Uncommon trap: reason=bimorphic_or_optimized_type_check action=maybe_recompile pc=0x000001f9e96eb468 method=java.util.regex.Matcher.match(II)Z @ 121 c2
Event: 4.930 Thread 0x000001f9802ad000 Uncommon trap: reason=bimorphic_or_optimized_type_check action=maybe_recompile pc=0x000001f9e96eb468 method=java.util.regex.Matcher.match(II)Z @ 121 c2
Event: 4.930 Thread 0x000001f9802ad000 Uncommon trap: reason=bimorphic_or_optimized_type_check action=maybe_recompile pc=0x000001f9e96eb468 method=java.util.regex.Matcher.match(II)Z @ 121 c2
Event: 4.946 Thread 0x000001f9802ad000 Uncommon trap: reason=unstable_if action=reinterpret pc=0x000001f9e9699e04 method=java.lang.StringDecoderUTF8.decode([BIILjava/lang/StringCoding$Result;)Ljava/lang/StringCoding$Result; @ 32 c2
Event: 4.947 Thread 0x000001f9802ad000 Uncommon trap: reason=unstable_if action=reinterpret pc=0x000001f9e9698c78 method=java.lang.StringDecoderUTF8.decode([BIILjava/lang/StringCoding$Result;)Ljava/lang/StringCoding$Result; @ 32 c2
Event: 5.025 Thread 0x000001f9802ad000 Uncommon trap: reason=unstable_if action=reinterpret pc=0x000001f9e978eef4 method=java.lang.String.<init>([CIILjava/lang/Void;)V @ 5 c2
Event: 5.060 Thread 0x000001f9802ad000 Uncommon trap: reason=unstable_if action=reinterpret pc=0x000001f9e9782ab0 method=java.lang.String.<init>([CIILjava/lang/Void;)V @ 5 c2
Event: 5.096 Thread 0x000001f9802ad000 Uncommon trap: reason=unstable_if action=reinterpret pc=0x000001f9e96ac0f8 method=java.lang.ref.SoftReference.get()Ljava/lang/Object; @ 17 c2
Event: 5.132 Thread 0x000001f9802ad000 Uncommon trap: reason=unstable_if action=reinterpret pc=0x000001f9e9758ec8 method=sun.net.www.ParseUtil.firstEncodeIndex(Ljava/lang/String;)I @ 51 c2

Classes redefined (0 events):
No events

Internal exceptions (10 events):
Event: 3.588 Thread 0x000001f9802ad000 Exception <a 'java/lang/NoSuchMethodError'{0x00000006d4ae1258}: java.lang.invoke.DelegatingMethodHandle$Holder.reinvoke_L(Ljava/lang/Object;IILjava/lang/Object;Ljava/lang/Object;Ljava/lang/Object;)Ljava/lang/Object;> (0x00000006d4ae1258) thrown at [t:/wor
Event: 3.589 Thread 0x000001f9802ad000 Exception <a 'java/lang/NoSuchMethodError'{0x00000006d4ae5f78}: method resolution failed> (0x00000006d4ae5f78) thrown at [t:/workspace/hotspot/src/share/vm/prims/methodHandles.cpp, line 1256]
Event: 3.590 Thread 0x000001f9802ad000 Exception <a 'java/lang/NoSuchMethodError'{0x00000006d4afa968}: method resolution failed> (0x00000006d4afa968) thrown at [t:/workspace/hotspot/src/share/vm/prims/methodHandles.cpp, line 1256]
Event: 3.592 Thread 0x000001f9802ad000 Exception <a 'java/lang/NoSuchMethodError'{0x00000006d4910200}: method resolution failed> (0x00000006d4910200) thrown at [t:/workspace/hotspot/src/share/vm/prims/methodHandles.cpp, line 1256]
Event: 3.593 Thread 0x000001f9802ad000 Exception <a 'java/lang/NoSuchMethodError'{0x00000006d4927380}: method resolution failed> (0x00000006d4927380) thrown at [t:/workspace/hotspot/src/share/vm/prims/methodHandles.cpp, line 1256]
Event: 3.594 Thread 0x000001f9802ad000 Exception <a 'java/lang/NoSuchMethodError'{0x00000006d493fd40}: method resolution failed> (0x00000006d493fd40) thrown at [t:/workspace/hotspot/src/share/vm/prims/methodHandles.cpp, line 1256]
Event: 3.595 Thread 0x000001f9802ad000 Exception <a 'java/io/FileNotFoundException'{0x00000006d4949488}> (0x00000006d4949488) thrown at [t:/workspace/hotspot/src/share/vm/prims/jni.cpp, line 604]
Event: 4.079 Thread 0x000001f9802ad000 Exception <a 'java/lang/NoSuchMethodError'{0x00000006d41476e8}: <clinit>> (0x00000006d41476e8) thrown at [t:/workspace/hotspot/src/share/vm/prims/jni.cpp, line 1363]
Event: 4.655 Thread 0x000001f9802ad000 Exception <a 'java/lang/NoSuchMethodError'{0x00000006d3515c80}: java.lang.Object.lambda$negate$3(I)Z> (0x00000006d3515c80) thrown at [t:/workspace/hotspot/src/share/vm/interpreter/linkResolver.cpp, line 731]
Event: 4.806 Thread 0x000001f9802ad000 Exception <a 'java/lang/NoClassDefFoundError'{0x00000006d2d88f60}: javax/enterprise/inject/Typed> (0x00000006d2d88f60) thrown at [t:/workspace/hotspot/src/share/vm/classfile/systemDictionary.cpp, line 207]

Events (10 events):
Event: 5.597 loading class org/apache/maven/plugin/MojoFailureException
Event: 5.597 loading class org/apache/maven/plugin/MojoFailureException done
Event: 5.597 loading class org/apache/maven/plugin/PluginConfigurationException
Event: 5.597 loading class org/apache/maven/plugin/PluginConfigurationException done
Event: 5.597 loading class org/apache/maven/lifecycle/MissingProjectException
Event: 5.597 loading class org/apache/maven/lifecycle/MissingProjectException done
Event: 5.598 loading class org/apache/maven/plugin/descriptor/MojoDescriptor
Event: 5.598 loading class org/apache/maven/plugin/descriptor/MojoDescriptor done
Event: 5.598 loading class org/apache/maven/lifecycle/internal/ProjectIndex
Event: 5.598 loading class org/apache/maven/lifecycle/internal/ProjectIndex done


Dynamic libraries:
0x00007ff6953c0000 - 0x00007ff6953fe000 	C:\ProgramData\Jenkins\.jenkins\tools\hudson.model.JDK\bin\java.exe
0x00007ff87ca70000 - 0x00007ff87cc65000 	C:\Windows\SYSTEM32\ntdll.dll
0x00007ff87ba30000 - 0x00007ff87baed000 	C:\Windows\System32\KERNEL32.DLL
0x00007ff87a470000 - 0x00007ff87a73d000 	C:\Windows\System32\KERNELBASE.dll
0x00007ff87bd20000 - 0x00007ff87bdce000 	C:\Windows\System32\ADVAPI32.dll
0x00007ff87aac0000 - 0x00007ff87ab5e000 	C:\Windows\System32\msvcrt.dll
0x00007ff87c980000 - 0x00007ff87ca1c000 	C:\Windows\System32\sechost.dll
0x00007ff87c400000 - 0x00007ff87c525000 	C:\Windows\System32\RPCRT4.dll
0x00007ff87c7b0000 - 0x00007ff87c950000 	C:\Windows\System32\USER32.dll
0x00007ff87aa90000 - 0x00007ff87aab2000 	C:\Windows\System32\win32u.dll
0x00007ff87bbd0000 - 0x00007ff87bbfa000 	C:\Windows\System32\GDI32.dll
0x00007ff87a360000 - 0x00007ff87a46b000 	C:\Windows\System32\gdi32full.dll
0x00007ff87a180000 - 0x00007ff87a21d000 	C:\Windows\System32\msvcp_win.dll
0x00007ff87a740000 - 0x00007ff87a840000 	C:\Windows\System32\ucrtbase.dll
0x00007ff85c3a0000 - 0x00007ff85c63a000 	C:\Windows\WinSxS\amd64_microsoft.windows.common-controls_6595b64144ccf1df_6.0.19041.1110_none_60b5254171f9507e\COMCTL32.dll
0x00007ff878f50000 - 0x00007ff878f5a000 	C:\Windows\SYSTEM32\VERSION.dll
0x00007ff84b230000 - 0x00007ff84b31f000 	C:\ProgramData\Jenkins\.jenkins\tools\hudson.model.JDK\bin\msvcr120.dll
0x00007ff837b90000 - 0x00007ff837c36000 	C:\ProgramData\Jenkins\.jenkins\tools\hudson.model.JDK\bin\msvcp120.dll
0x0000000069790000 - 0x000000006a1b5000 	C:\ProgramData\Jenkins\.jenkins\tools\hudson.model.JDK\bin\server\jvm.dll
0x00007ff87c240000 - 0x00007ff87c248000 	C:\Windows\System32\PSAPI.DLL
0x00007ff863bc0000 - 0x00007ff863be7000 	C:\Windows\SYSTEM32\WINMM.dll
0x00007ff864990000 - 0x00007ff864999000 	C:\Windows\SYSTEM32\WSOCK32.dll
0x00007ff87c740000 - 0x00007ff87c7ab000 	C:\Windows\System32\WS2_32.dll
0x00007ff871440000 - 0x00007ff87144f000 	C:\ProgramData\Jenkins\.jenkins\tools\hudson.model.JDK\bin\verify.dll
0x00007ff866ec0000 - 0x00007ff866ee7000 	C:\ProgramData\Jenkins\.jenkins\tools\hudson.model.JDK\bin\java.dll
0x00007ff866ea0000 - 0x00007ff866eb6000 	C:\ProgramData\Jenkins\.jenkins\tools\hudson.model.JDK\bin\zip.dll
0x00007ff866e90000 - 0x00007ff866e9a000 	C:\ProgramData\Jenkins\.jenkins\tools\hudson.model.JDK\bin\jimage.dll
0x00007ff87afe0000 - 0x00007ff87b724000 	C:\Windows\System32\SHELL32.dll
0x00007ff878090000 - 0x00007ff878824000 	C:\Windows\SYSTEM32\windows.storage.dll
0x00007ff87be80000 - 0x00007ff87c1d4000 	C:\Windows\System32\combase.dll
0x00007ff879a30000 - 0x00007ff879a5c000 	C:\Windows\SYSTEM32\Wldp.dll
0x00007ff87bc70000 - 0x00007ff87bd1d000 	C:\Windows\System32\SHCORE.dll
0x00007ff87c660000 - 0x00007ff87c6b5000 	C:\Windows\System32\shlwapi.dll
0x00007ff87a0c0000 - 0x00007ff87a0df000 	C:\Windows\SYSTEM32\profapi.dll
0x00007ff85abe0000 - 0x00007ff85abfa000 	C:\ProgramData\Jenkins\.jenkins\tools\hudson.model.JDK\bin\net.dll
0x00007ff8707a0000 - 0x00007ff8708aa000 	C:\Windows\SYSTEM32\WINHTTP.dll
0x00007ff879810000 - 0x00007ff87987a000 	C:\Windows\system32\mswsock.dll
0x00007ff85a0b0000 - 0x00007ff85a0c1000 	C:\ProgramData\Jenkins\.jenkins\tools\hudson.model.JDK\bin\nio.dll
0x00007ff832b80000 - 0x00007ff832d19000 	C:\ProgramData\Jenkins\.jenkins\tools\hudson.model.JDK\bin\awt.dll
0x00007ff87c590000 - 0x00007ff87c65d000 	C:\Windows\System32\OLEAUT32.dll
0x00007ff876150000 - 0x00007ff876710000 	C:\Windows\SYSTEM32\d2d1.dll
0x00007ff877450000 - 0x00007ff8774e0000 	C:\Windows\SYSTEM32\apphelp.dll
0x00007ff877db0000 - 0x00007ff877f94000 	C:\Windows\SYSTEM32\dbghelp.dll
0x00007ff87a2d0000 - 0x00007ff87a352000 	C:\Windows\System32\bcryptPrimitives.dll

VM Arguments:
java_command: jenkins.maven3.agent.Maven35Main C:\ProgramData\Jenkins\.jenkins\tools\hudson.tasks.Maven_MavenInstallation\Maven C:\ProgramData\Jenkins\war\WEB-INF\lib\remoting-4.11.2.jar C:\ProgramData\Jenkins\.jenkins\plugins\maven-plugin\WEB-INF\lib\maven35-interceptor-1.13.jar C:\ProgramData\Jenkins\.jenkins\plugins\maven-plugin\WEB-INF\lib\maven3-interceptor-commons-1.13.jar 52408
java_class_path (initial): C:\ProgramData\Jenkins\.jenkins\plugins\maven-plugin\WEB-INF\lib\maven35-agent-1.13.jar;C:\ProgramData\Jenkins\.jenkins\tools\hudson.tasks.Maven_MavenInstallation\Maven\boot\plexus-classworlds-2.6.0.jar;C:\ProgramData\Jenkins\.jenkins\tools\hudson.tasks.Maven_MavenInstallation\Maven/conf/logging
Launcher Type: SUN_STANDARD

Logging:
Log output configuration:
#0: stdout all=warning uptime,level,tags
#1: stderr all=off uptime,level,tags

Environment Variables:
JAVA_HOME=C:\ProgramData\Jenkins\.jenkins\tools\hudson.model.JDK
PATH=C:\ProgramData\Jenkins\.jenkins\tools\hudson.tasks.Maven_MavenInstallation\Maven/bin;C:\ProgramData\Jenkins\.jenkins\tools\hudson.model.JDK/bin;C:\ProgramData\Jenkins\.jenkins\tools\hudson.model.JDK/bin;C:\Program Files (x86)\Common Files\Oracle\Java\javapath;C:\Windows\system32;C:\Windows;C:\Windows\System32\Wbem;C:\Windows\System32\WindowsPowerShell\v1.0\;C:\Windows\System32\OpenSSH\;C:\Android\platform-tools;C:\Program Files\Java\jdk-17.0.1\;C:\Program Files\Docker\Docker\resources\bin;C:\ProgramData\DockerDesktop\version-bin;C:\Program Files\Git\cmd;C:\Program Files (x86)\dotnet\;C:\Users\Admin\AppData\Roaming\nvm;C:\Program Files\nodejs;C:\Windows\system32\config\systemprofile\AppData\Local\Microsoft\WindowsApps
USERNAME=DESKTOP-MC7UQM0$
OS=Windows_NT
PROCESSOR_IDENTIFIER=Intel64 Family 6 Model 165 Stepping 3, GenuineIntel



---------------  S Y S T E M  ---------------

OS: Windows 10 , 64 bit Build 19041 (10.0.19041.1706)

CPU:total 12 (initial active 12) (6 cores per cpu, 2 threads per core) family 6 model 165 stepping 3, cmov, cx8, fxsr, mmx, sse, sse2, sse3, ssse3, sse4.1, sse4.2, popcnt, avx, avx2, aes, clmul, erms, 3dnowpref, lzcnt, ht, tsc, tscinvbit, bmi1, bmi2, adx, fma

Memory: 4k page, physical 16411332k(2393504k free), swap 34481224k(5212k free)

vm_info: Java HotSpot(TM) 64-Bit Server VM (9.0.4+11) for windows-amd64 JRE (9.0.4+11), built on Dec 20 2017 02:18:54 by "mach5one" with MS VC++ 12.0 (VS2013)

END.
